[debug] [2022-02-24T04:53:54.820Z] ----------------------------------------------------------------------
[debug] [2022-02-24T04:53:54.821Z] Command:       /usr/bin/node /usr/bin/firebase deploy --only hosting:untilled
[debug] [2022-02-24T04:53:54.822Z] CLI Version:   10.2.1
[debug] [2022-02-24T04:53:54.822Z] Platform:      linux
[debug] [2022-02-24T04:53:54.822Z] Node Version:  v14.18.2
[debug] [2022-02-24T04:53:54.822Z] Time:          Thu Feb 24 2022 13:53:54 GMT+0900 (Korean Standard Time)
[debug] [2022-02-24T04:53:54.822Z] ----------------------------------------------------------------------
[debug] 
[debug] [2022-02-24T04:53:54.869Z] > command requires scopes: ["email","openid","https://www.googleapis.com/auth/cloudplatformprojects.readonly","https://www.googleapis.com/auth/firebase","https://www.googleapis.com/auth/cloud-platform"]
[debug] [2022-02-24T04:53:54.869Z] > authorizing via signed-in user (mini4614@gmail.com)
[debug] [2022-02-24T04:53:54.869Z] [iam] checking project untilled-e5b9a for permissions ["firebase.projects.get","firebasehosting.sites.update"]
[debug] [2022-02-24T04:53:54.871Z] >>> [apiv2][query] POST https://cloudresourcemanager.googleapis.com/v1/projects/untilled-e5b9a:testIamPermissions [none]
[debug] [2022-02-24T04:53:54.871Z] >>> [apiv2][body] POST https://cloudresourcemanager.googleapis.com/v1/projects/untilled-e5b9a:testIamPermissions {"permissions":["firebase.projects.get","firebasehosting.sites.update"]}
[debug] [2022-02-24T04:53:55.594Z] <<< [apiv2][status] POST https://cloudresourcemanager.googleapis.com/v1/projects/untilled-e5b9a:testIamPermissions 200
[debug] [2022-02-24T04:53:55.595Z] <<< [apiv2][body] POST https://cloudresourcemanager.googleapis.com/v1/projects/untilled-e5b9a:testIamPermissions {"permissions":["firebase.projects.get","firebasehosting.sites.update"]}
[debug] [2022-02-24T04:53:55.596Z] >>> [apiv2][query] GET https://firebase.googleapis.com/v1beta1/projects/untilled-e5b9a [none]
[debug] [2022-02-24T04:53:56.054Z] <<< [apiv2][status] GET https://firebase.googleapis.com/v1beta1/projects/untilled-e5b9a 200
[debug] [2022-02-24T04:53:56.054Z] <<< [apiv2][body] GET https://firebase.googleapis.com/v1beta1/projects/untilled-e5b9a {"projectId":"untilled-e5b9a","projectNumber":"665393986019","displayName":"untilled","name":"projects/untilled-e5b9a","resources":{"hostingSite":"untilled-e5b9a"},"state":"ACTIVE"}
[info] 
[info] === Deploying to 'untilled-e5b9a'...
[info] 
[info] i  deploying hosting 
[debug] [2022-02-24T04:53:56.056Z] >>> [apiv2][query] GET https://firebase.googleapis.com/v1beta1/projects/untilled-e5b9a [none]
[debug] [2022-02-24T04:53:56.465Z] <<< [apiv2][status] GET https://firebase.googleapis.com/v1beta1/projects/untilled-e5b9a 200
[debug] [2022-02-24T04:53:56.465Z] <<< [apiv2][body] GET https://firebase.googleapis.com/v1beta1/projects/untilled-e5b9a {"projectId":"untilled-e5b9a","projectNumber":"665393986019","displayName":"untilled","name":"projects/untilled-e5b9a","resources":{"hostingSite":"untilled-e5b9a"},"state":"ACTIVE"}
[debug] [2022-02-24T04:53:56.467Z] >>> [apiv2][query] POST https://firebasehosting.googleapis.com/v1beta1/projects/665393986019/sites/untilled/versions [none]
[debug] [2022-02-24T04:53:56.467Z] >>> [apiv2][body] POST https://firebasehosting.googleapis.com/v1beta1/projects/665393986019/sites/untilled/versions {"config":{},"labels":{"deployment-tool":"cli-firebase"}}
